#
# There is insufficient memory for the Java Runtime Environment to continue.
# Native memory allocation (malloc) failed to allocate 626736 bytes for Chunk::new
# Possible reasons:
#   The system is out of physical RAM or swap space
#   In 32 bit mode, the process size limit was hit
# Possible solutions:
#   Reduce memory load on the system
#   Increase physical memory or swap space
#   Check if swap backing store is full
#   Use 64 bit Java on a 64 bit OS
#   Decrease Java heap size (-Xmx/-Xms)
#   Decrease number of Java threads
#   Decrease Java thread stack sizes (-Xss)
#   Set larger code cache with -XX:ReservedCodeCacheSize=
# This output file may be truncated or incomplete.
#
#  Out of Memory Error (allocation.cpp:390), pid=948, tid=0x0000000000002f80
#
# JRE version: Java(TM) SE Runtime Environment (8.0_102-b14) (build 1.8.0_102-b14)
# Java VM: Java HotSpot(TM) 64-Bit Server VM (25.102-b14 mixed mode windows-amd64 compressed oops)
# Failed to write core dump. Minidumps are not enabled by default on client versions of Windows
#

---------------  T H R E A D  ---------------

Current thread (0x00000000150d9000):  JavaThread "C2 CompilerThread0" daemon [_thread_in_native, id=12160, stack(0x0000000016d40000,0x0000000016e40000)]

Stack: [0x0000000016d40000,0x0000000016e40000]
[error occurred during error reporting (printing stack bounds), id 0xc0000005]

Native frames: (J=compiled Java code, j=interpreted, Vv=VM code, C=native code)


Current CompileTask:
C2: 924597 7651   !   4       org.apache.coyote.AbstractProtocol$ConnectionHandler::process (1172 bytes)


---------------  P R O C E S S  ---------------

Java Threads: ( => current thread )
  0x000000001f378800 JavaThread "http-nio-8081-exec-11" daemon [_thread_blocked, id=2252, stack(0x0000000026110000,0x0000000026210000)]
  0x000000001f37d800 JavaThread "DestroyJavaVM" [_thread_blocked, id=2264, stack(0x0000000002840000,0x0000000002940000)]
  0x000000001f376000 JavaThread "http-nio-8081-AsyncTimeout" daemon [_thread_blocked, id=1224, stack(0x0000000025b10000,0x0000000025c10000)]
  0x000000001f379000 JavaThread "http-nio-8081-Acceptor-0" daemon [_thread_in_native, id=13064, stack(0x0000000025a10000,0x0000000025b10000)]
  0x000000001f37d000 JavaThread "http-nio-8081-ClientPoller-1" daemon [_thread_in_native, id=3136, stack(0x0000000025910000,0x0000000025a10000)]
  0x000000001f375800 JavaThread "http-nio-8081-ClientPoller-0" daemon [_thread_in_native, id=14232, stack(0x0000000025810000,0x0000000025910000)]
  0x000000001f37a000 JavaThread "http-nio-8081-exec-10" daemon [_thread_in_native, id=2832, stack(0x0000000025710000,0x0000000025810000)]
  0x000000001f37c000 JavaThread "http-nio-8081-exec-9" daemon [_thread_blocked, id=4412, stack(0x0000000025610000,0x0000000025710000)]
  0x000000001f37b800 JavaThread "http-nio-8081-exec-8" daemon [_thread_blocked, id=4244, stack(0x0000000025510000,0x0000000025610000)]
  0x000000001a141800 JavaThread "http-nio-8081-exec-7" daemon [_thread_blocked, id=1132, stack(0x0000000025410000,0x0000000025510000)]
  0x000000001a141000 JavaThread "http-nio-8081-exec-6" daemon [_thread_blocked, id=13872, stack(0x0000000025310000,0x0000000025410000)]
  0x000000001a13e800 JavaThread "http-nio-8081-exec-5" daemon [_thread_blocked, id=13512, stack(0x0000000025210000,0x0000000025310000)]
  0x000000001a142800 JavaThread "http-nio-8081-exec-4" daemon [_thread_blocked, id=12444, stack(0x0000000025110000,0x0000000025210000)]
  0x000000001a13e000 JavaThread "http-nio-8081-exec-3" daemon [_thread_blocked, id=9468, stack(0x0000000025010000,0x0000000025110000)]
  0x000000001a140000 JavaThread "http-nio-8081-exec-2" daemon [_thread_blocked, id=7300, stack(0x0000000024f10000,0x0000000025010000)]
  0x000000001a144800 JavaThread "http-nio-8081-exec-1" daemon [_thread_blocked, id=1048, stack(0x0000000024e10000,0x0000000024f10000)]
  0x000000001a144000 JavaThread "NioBlockingSelector.BlockPoller-1" daemon [_thread_in_native, id=2320, stack(0x00000000223e0000,0x00000000224e0000)]
  0x000000001a143000 JavaThread "pool-1-thread-1" [_thread_blocked, id=14100, stack(0x00000000222e0000,0x00000000223e0000)]
  0x000000001a13f800 JavaThread "Abandoned connection cleanup thread" daemon [_thread_blocked, id=12488, stack(0x000000001c580000,0x000000001c680000)]
  0x00000000186ba000 JavaThread "container-0" [_thread_blocked, id=14096, stack(0x000000001c480000,0x000000001c580000)]
  0x0000000018daa000 JavaThread "ContainerBackgroundProcessor[StandardEngine[Tomcat]]" daemon [_thread_blocked, id=11336, stack(0x000000001c380000,0x000000001c480000)]
  0x00000000170a1000 JavaThread "Service Thread" daemon [_thread_blocked, id=6800, stack(0x0000000017440000,0x0000000017540000)]
  0x00000000150de800 JavaThread "C1 CompilerThread2" daemon [_thread_in_vm, id=12536, stack(0x0000000016f40000,0x0000000017040000)]
  0x00000000150dd000 JavaThread "C2 CompilerThread1" daemon [_thread_blocked, id=3004, stack(0x0000000016e40000,0x0000000016f40000)]
=>0x00000000150d9000 JavaThread "C2 CompilerThread0" daemon [_thread_in_native, id=12160, stack(0x0000000016d40000,0x0000000016e40000)]
  0x00000000150d6800 JavaThread "JDWP Command Reader" daemon [_thread_in_native, id=13836, stack(0x0000000016c40000,0x0000000016d40000)]
  0x00000000150cb800 JavaThread "JDWP Event Helper Thread" daemon [_thread_blocked, id=8504, stack(0x0000000016b40000,0x0000000016c40000)]
  0x00000000150bc000 JavaThread "JDWP Transport Listener: dt_socket" daemon [_thread_blocked, id=13880, stack(0x0000000016a40000,0x0000000016b40000)]
  0x00000000150b1000 JavaThread "Attach Listener" daemon [_thread_blocked, id=3284, stack(0x0000000016600000,0x0000000016700000)]
  0x00000000150af800 JavaThread "Signal Dispatcher" daemon [_thread_blocked, id=3092, stack(0x0000000016500000,0x0000000016600000)]
  0x000000001509a000 JavaThread "Finalizer" daemon [_thread_blocked, id=9652, stack(0x0000000016310000,0x0000000016410000)]
  0x0000000015079000 JavaThread "Reference Handler" daemon [_thread_blocked, id=13912, stack(0x0000000016210000,0x0000000016310000)]

Other Threads:
  0x0000000015077800 VMThread [stack: 0x0000000016110000,0x0000000016210000] [id=4356]
  0x00000000170e1800 WatcherThread [stack: 0x0000000017540000,0x0000000017640000] [id=6696]

VM state:not at safepoint (normal execution)

VM Mutex/Monitor currently owned by a thread: None

Heap:
 PSYoungGen      total 238080K, used 177403K [0x00000000eb380000, 0x00000000fd200000, 0x0000000100000000)
  eden space 224768K, 73% used [0x00000000eb380000,0x00000000f53c8998,0x00000000f8f00000)
  from space 13312K, 99% used [0x00000000fb700000,0x00000000fc3f6390,0x00000000fc400000)
  to   space 14336K, 0% used [0x00000000fc400000,0x00000000fc400000,0x00000000fd200000)
 ParOldGen       total 80896K, used 27841K [0x00000000c1a00000, 0x00000000c6900000, 0x00000000eb380000)
  object space 80896K, 34% used [0x00000000c1a00000,0x00000000c3530798,0x00000000c6900000)
 Metaspace       used 57124K, capacity 58686K, committed 58840K, reserved 1099776K
  class space    used 7271K, capacity 7570K, committed 7640K, reserved 1048576K

Card table byte_map: [0x0000000011e90000,0x0000000012090000] byte_map_base: 0x0000000011883000

Marking Bits: (ParMarkBitMap*) 0x000000006858a6c0
 Begin Bits: [0x00000000125e0000, 0x0000000013578000)
 End Bits:   [0x0000000013578000, 0x0000000014510000)

Polling page: 0x00000000007f0000

CodeCache: size=245760Kb used=23815Kb max_used=23815Kb free=221944Kb
 bounds [0x0000000002ad0000, 0x00000000042d0000, 0x0000000011ad0000]
 total_blobs=6538 nmethods=5967 adapters=491
 compilation: enabled

Compilation events (10 events):
Event: 910.739 Thread 0x00000000150de800 nmethod 7650 0x000000000365dfd0 code [0x000000000365e320, 0x0000000003660058]
Event: 911.019 Thread 0x00000000150d9000 nmethod 7640 0x000000000346fe50 code [0x0000000003470060, 0x0000000003470b10]
Event: 911.019 Thread 0x00000000150d9000 7651   !   4       org.apache.coyote.AbstractProtocol$ConnectionHandler::process (1172 bytes)
Event: 913.904 Thread 0x00000000150dd000 nmethod 7648 0x0000000003571890 code [0x0000000003571b80, 0x0000000003574ac8]
Event: 913.904 Thread 0x00000000150dd000 7658       4       org.apache.coyote.AbstractProtocol$ConnectionHandler::getLog (8 bytes)
Event: 913.906 Thread 0x00000000150dd000 nmethod 7658 0x0000000003b899d0 code [0x0000000003b89b00, 0x0000000003b89b98]
Event: 913.906 Thread 0x00000000150dd000 7655       4       org.apache.catalina.connector.Request::isAsync (34 bytes)
Event: 913.907 Thread 0x00000000150dd000 nmethod 7655 0x00000000031acfd0 code [0x00000000031ad100, 0x00000000031ad178]
Event: 913.907 Thread 0x00000000150dd000 7659       4       org.apache.catalina.core.StandardContext::findFilterConfig (12 bytes)
Event: 914.247 Thread 0x00000000150dd000 nmethod 7659 0x0000000003570c90 code [0x0000000003570e00, 0x0000000003571388]

GC Heap History (10 events):
Event: 685.515 GC heap before
{Heap before GC invocations=22 (full 3):
 PSYoungGen      total 284160K, used 280312K [0x00000000eb380000, 0x00000000fe100000, 0x0000000100000000)
  eden space 266752K, 100% used [0x00000000eb380000,0x00000000fb800000,0x00000000fb800000)
  from space 17408K, 77% used [0x00000000fd000000,0x00000000fdd3e390,0x00000000fe100000)
  to   space 20992K, 0% used [0x00000000fb800000,0x00000000fb800000,0x00000000fcc80000)
 ParOldGen       total 80896K, used 27801K [0x00000000c1a00000, 0x00000000c6900000, 0x00000000eb380000)
  object space 80896K, 34% used [0x00000000c1a00000,0x00000000c3526798,0x00000000c6900000)
 Metaspace       used 57115K, capacity 58686K, committed 58840K, reserved 1099776K
  class space    used 7271K, capacity 7570K, committed 7640K, reserved 1048576K
Event: 685.921 GC heap after
Heap after GC invocations=22 (full 3):
 PSYoungGen      total 287744K, used 14008K [0x00000000eb380000, 0x00000000ff380000, 0x0000000100000000)
  eden space 266752K, 0% used [0x00000000eb380000,0x00000000eb380000,0x00000000fb800000)
  from space 20992K, 66% used [0x00000000fb800000,0x00000000fc5ae3d0,0x00000000fcc80000)
  to   space 20992K, 0% used [0x00000000fdf00000,0x00000000fdf00000,0x00000000ff380000)
 ParOldGen       total 80896K, used 27809K [0x00000000c1a00000, 0x00000000c6900000, 0x00000000eb380000)
  object space 80896K, 34% used [0x00000000c1a00000,0x00000000c3528798,0x00000000c6900000)
 Metaspace       used 57115K, capacity 58686K, committed 58840K, reserved 1099776K
  class space    used 7271K, capacity 7570K, committed 7640K, reserved 1048576K
}
Event: 734.292 GC heap before
{Heap before GC invocations=23 (full 3):
 PSYoungGen      total 287744K, used 280760K [0x00000000eb380000, 0x00000000ff380000, 0x0000000100000000)
  eden space 266752K, 100% used [0x00000000eb380000,0x00000000fb800000,0x00000000fb800000)
  from space 20992K, 66% used [0x00000000fb800000,0x00000000fc5ae3d0,0x00000000fcc80000)
  to   space 20992K, 0% used [0x00000000fdf00000,0x00000000fdf00000,0x00000000ff380000)
 ParOldGen       total 80896K, used 27809K [0x00000000c1a00000, 0x00000000c6900000, 0x00000000eb380000)
  object space 80896K, 34% used [0x00000000c1a00000,0x00000000c3528798,0x00000000c6900000)
 Metaspace       used 57115K, capacity 58686K, committed 58840K, reserved 1099776K
  class space    used 7271K, capacity 7570K, committed 7640K, reserved 1048576K
Event: 734.441 GC heap after
Heap after GC invocations=23 (full 3):
 PSYoungGen      total 269824K, used 13992K [0x00000000eb380000, 0x00000000fed00000, 0x0000000100000000)
  eden space 255488K, 0% used [0x00000000eb380000,0x00000000eb380000,0x00000000fad00000)
  from space 14336K, 97% used [0x00000000fdf00000,0x00000000fecaa3a0,0x00000000fed00000)
  to   space 20992K, 0% used [0x00000000fc400000,0x00000000fc400000,0x00000000fd880000)
 ParOldGen       total 80896K, used 27817K [0x00000000c1a00000, 0x00000000c6900000, 0x00000000eb380000)
  object space 80896K, 34% used [0x00000000c1a00000,0x00000000c352a798,0x00000000c6900000)
 Metaspace       used 57115K, capacity 58686K, committed 58840K, reserved 1099776K
  class space    used 7271K, capacity 7570K, committed 7640K, reserved 1048576K
}
Event: 785.652 GC heap before
{Heap before GC invocations=24 (full 3):
 PSYoungGen      total 269824K, used 269480K [0x00000000eb380000, 0x00000000fed00000, 0x0000000100000000)
  eden space 255488K, 100% used [0x00000000eb380000,0x00000000fad00000,0x00000000fad00000)
  from space 14336K, 97% used [0x00000000fdf00000,0x00000000fecaa3a0,0x00000000fed00000)
  to   space 20992K, 0% used [0x00000000fc400000,0x00000000fc400000,0x00000000fd880000)
 ParOldGen       total 80896K, used 27817K [0x00000000c1a00000, 0x00000000c6900000, 0x00000000eb380000)
  object space 80896K, 34% used [0x00000000c1a00000,0x00000000c352a798,0x00000000c6900000)
 Metaspace       used 57117K, capacity 58686K, committed 58840K, reserved 1099776K
  class space    used 7271K, capacity 7570K, committed 7640K, reserved 1048576K
Event: 785.877 GC heap after
Heap after GC invocations=24 (full 3):
 PSYoungGen      total 258560K, used 13801K [0x00000000eb380000, 0x00000000fdf80000, 0x0000000100000000)
  eden space 244736K, 0% used [0x00000000eb380000,0x00000000eb380000,0x00000000fa280000)
  from space 13824K, 99% used [0x00000000fc400000,0x00000000fd17a560,0x00000000fd180000)
  to   space 14336K, 0% used [0x00000000fd180000,0x00000000fd180000,0x00000000fdf80000)
 ParOldGen       total 80896K, used 27825K [0x00000000c1a00000, 0x00000000c6900000, 0x00000000eb380000)
  object space 80896K, 34% used [0x00000000c1a00000,0x00000000c352c798,0x00000000c6900000)
 Metaspace       used 57117K, capacity 58686K, committed 58840K, reserved 1099776K
  class space    used 7271K, capacity 7570K, committed 7640K, reserved 1048576K
}
Event: 828.360 GC heap before
{Heap before GC invocations=25 (full 3):
 PSYoungGen      total 258560K, used 258537K [0x00000000eb380000, 0x00000000fdf80000, 0x0000000100000000)
  eden space 244736K, 100% used [0x00000000eb380000,0x00000000fa280000,0x00000000fa280000)
  from space 13824K, 99% used [0x00000000fc400000,0x00000000fd17a560,0x00000000fd180000)
  to   space 14336K, 0% used [0x00000000fd180000,0x00000000fd180000,0x00000000fdf80000)
 ParOldGen       total 80896K, used 27825K [0x00000000c1a00000, 0x00000000c6900000, 0x00000000eb380000)
  object space 80896K, 34% used [0x00000000c1a00000,0x00000000c352c798,0x00000000c6900000)
 Metaspace       used 57117K, capacity 58686K, committed 58840K, reserved 1099776K
  class space    used 7271K, capacity 7570K, committed 7640K, reserved 1048576K
Event: 828.457 GC heap after
Heap after GC invocations=25 (full 3):
 PSYoungGen      total 248320K, used 13449K [0x00000000eb380000, 0x00000000fdf00000, 0x0000000100000000)
  eden space 234496K, 0% used [0x00000000eb380000,0x00000000eb380000,0x00000000f9880000)
  from space 13824K, 97% used [0x00000000fd180000,0x00000000fdea2580,0x00000000fdf00000)
  to   space 20480K, 0% used [0x00000000fb700000,0x00000000fb700000,0x00000000fcb00000)
 ParOldGen       total 80896K, used 27833K [0x00000000c1a00000, 0x00000000c6900000, 0x00000000eb380000)
  object space 80896K, 34% used [0x00000000c1a00000,0x00000000c352e798,0x00000000c6900000)
 Metaspace       used 57117K, capacity 58686K, committed 58840K, reserved 1099776K
  class space    used 7271K, capacity 7570K, committed 7640K, reserved 1048576K
}
Event: 877.468 GC heap before
{Heap before GC invocations=26 (full 3):
 PSYoungGen      total 248320K, used 247945K [0x00000000eb380000, 0x00000000fdf00000, 0x0000000100000000)
  eden space 234496K, 100% used [0x00000000eb380000,0x00000000f9880000,0x00000000f9880000)
  from space 13824K, 97% used [0x00000000fd180000,0x00000000fdea2580,0x00000000fdf00000)
  to   space 20480K, 0% used [0x00000000fb700000,0x00000000fb700000,0x00000000fcb00000)
 ParOldGen       total 80896K, used 27833K [0x00000000c1a00000, 0x00000000c6900000, 0x00000000eb380000)
  object space 80896K, 34% used [0x00000000c1a00000,0x00000000c352e798,0x00000000c6900000)
 Metaspace       used 57118K, capacity 58686K, committed 58840K, reserved 1099776K
  class space    used 7271K, capacity 7570K, committed 7640K, reserved 1048576K
Event: 877.722 GC heap after
Heap after GC invocations=26 (full 3):
 PSYoungGen      total 238080K, used 13272K [0x00000000eb380000, 0x00000000fd200000, 0x0000000100000000)
  eden space 224768K, 0% used [0x00000000eb380000,0x00000000eb380000,0x00000000f8f00000)
  from space 13312K, 99% used [0x00000000fb700000,0x00000000fc3f6390,0x00000000fc400000)
  to   space 14336K, 0% used [0x00000000fc400000,0x00000000fc400000,0x00000000fd200000)
 ParOldGen       total 80896K, used 27841K [0x00000000c1a00000, 0x00000000c6900000, 0x00000000eb380000)
  object space 80896K, 34% used [0x00000000c1a00000,0x00000000c3530798,0x00000000c6900000)
 Metaspace       used 57118K, capacity 58686K, committed 58840K, reserved 1099776K
  class space    used 7271K, capacity 7570K, committed 7640K, reserved 1048576K
}

Deoptimization events (10 events):
Event: 911.671 Thread 0x000000001a13e000 Uncommon trap: reason=unhandled action=none pc=0x00000000041031c0 method=java.lang.Long.parseLong(Ljava/lang/String;I)J @ 13
Event: 911.675 Thread 0x000000001f378800 Uncommon trap: reason=unhandled action=none pc=0x00000000041031c0 method=java.lang.Long.parseLong(Ljava/lang/String;I)J @ 13
Event: 911.683 Thread 0x000000001a142800 Uncommon trap: reason=unhandled action=none pc=0x00000000041031c0 method=java.lang.Long.parseLong(Ljava/lang/String;I)J @ 13
Event: 911.687 Thread 0x000000001a142800 Uncommon trap: reason=unhandled action=none pc=0x00000000041031c0 method=java.lang.Long.parseLong(Ljava/lang/String;I)J @ 13
Event: 911.690 Thread 0x000000001f37c000 Uncommon trap: reason=unhandled action=none pc=0x0000000003be6060 method=org.apache.tomcat.util.net.NioEndpoint$NioSocketWrapper.fillReadBuffer(ZLjava/nio/ByteBuffer;)I @ 131
Event: 911.695 Thread 0x000000001f37b800 Uncommon trap: reason=unhandled action=none pc=0x00000000041031c0 method=java.lang.Long.parseLong(Ljava/lang/String;I)J @ 13
Event: 911.699 Thread 0x000000001f37b800 Uncommon trap: reason=unhandled action=none pc=0x00000000041031c0 method=java.lang.Long.parseLong(Ljava/lang/String;I)J @ 13
Event: 911.701 Thread 0x000000001a144800 Uncommon trap: reason=unhandled action=none pc=0x0000000003be6060 method=org.apache.tomcat.util.net.NioEndpoint$NioSocketWrapper.fillReadBuffer(ZLjava/nio/ByteBuffer;)I @ 131
Event: 911.704 Thread 0x000000001a141000 Uncommon trap: reason=unhandled action=none pc=0x00000000041031c0 method=java.lang.Long.parseLong(Ljava/lang/String;I)J @ 13
Event: 911.709 Thread 0x000000001a141000 Uncommon trap: reason=unhandled action=none pc=0x00000000041031c0 method=java.lang.Long.parseLong(Ljava/lang/String;I)J @ 13

Internal exceptions (10 events):
Event: 909.729 Thread 0x000000001f37b800 Implicit null exception at 0x00000000030b40f9 to 0x00000000030b4c34
Event: 909.729 Thread 0x000000001a13e000 Implicit null exception at 0x00000000030b40f9 to 0x00000000030b4c34
Event: 909.729 Thread 0x000000001a141000 Implicit null exception at 0x00000000030b40f9 to 0x00000000030b4c34
Event: 909.819 Thread 0x000000001f37b800 Implicit null exception at 0x00000000037e44fd to 0x00000000037e6e0d
Event: 909.819 Thread 0x000000001a13e000 Implicit null exception at 0x00000000037e44fd to 0x00000000037e6e0d
Event: 909.819 Thread 0x000000001a141000 Implicit null exception at 0x00000000037e44fd to 0x00000000037e6e0d
Event: 910.062 Thread 0x000000001a13e000 Implicit null exception at 0x0000000003ab5f72 to 0x0000000003aba575
Event: 910.078 Thread 0x000000001f37b800 Implicit null exception at 0x0000000002c432e5 to 0x0000000002c436e5
Event: 910.545 Thread 0x000000001a141000 Implicit null exception at 0x0000000003680330 to 0x0000000003680375
Event: 912.691 Thread 0x000000001f37a000 Exception <a 'java/io/IOException'> (0x00000000f4a45248) thrown at [C:\re\workspace\8-2-build-windows-amd64-cygwin\jdk8u102\7268\hotspot\src\share\vm\prims\jni.cpp, line 709]

Events (10 events):
Event: 914.610 Thread 0x000000001f37a000 DEOPT PACKING pc=0x0000000004082144 sp=0x000000002580d3f0
Event: 914.610 Thread 0x000000001f37a000 DEOPT UNPACKING pc=0x0000000002b1787f sp=0x000000002580d1a8 mode 1
Event: 914.611 Thread 0x000000001f37a000 DEOPT PACKING pc=0x0000000003b10f34 sp=0x000000002580d4e0
Event: 914.874 Thread 0x000000001f37a000 DEOPT UNPACKING pc=0x0000000002b1787f sp=0x000000002580d128 mode 1
Event: 916.155 Thread 0x000000001f37a000 DEOPT PACKING pc=0x00000000040e7c8c sp=0x000000002580d5c0
Event: 916.559 Thread 0x000000001f37a000 DEOPT UNPACKING pc=0x0000000002b1787f sp=0x000000002580d418 mode 1
Event: 917.008 Thread 0x000000001f37a000 DEOPT PACKING pc=0x000000000427ffd4 sp=0x000000002580d7b0
Event: 917.299 Thread 0x000000001f37a000 DEOPT UNPACKING pc=0x0000000002b1787f sp=0x000000002580d448 mode 1
Event: 917.949 Thread 0x000000001f37a000 DEOPT PACKING pc=0x00000000041f9158 sp=0x000000002580d970
Event: 917.949 Thread 0x000000001f37a000 DEOPT UNPACKING pc=0x0000000002b1787f sp=0x000000002580d660 mode 1


Dynamic libraries:
0x00007ff767bd0000 - 0x00007ff767c07000 	C:\Program Files\Java\jre1.8.0_102\bin\javaw.exe
0x00007fff3f190000 - 0x00007fff3f371000 	C:\WINDOWS\SYSTEM32\ntdll.dll
0x00007fff3e410000 - 0x00007fff3e4c2000 	C:\WINDOWS\System32\KERNEL32.DLL
0x00007fff3b5e0000 - 0x00007fff3b853000 	C:\WINDOWS\System32\KERNELBASE.dll
0x00007fff3e950000 - 0x00007fff3e9f1000 	C:\WINDOWS\System32\ADVAPI32.dll
0x00007fff3ea00000 - 0x00007fff3ea9e000 	C:\WINDOWS\System32\msvcrt.dll
0x00007fff3edd0000 - 0x00007fff3ee2b000 	C:\WINDOWS\System32\sechost.dll
0x00007fff3c840000 - 0x00007fff3c964000 	C:\WINDOWS\System32\RPCRT4.dll
0x00007fff3c6a0000 - 0x00007fff3c830000 	C:\WINDOWS\System32\USER32.dll
0x00007fff3c4b0000 - 0x00007fff3c4d0000 	C:\WINDOWS\System32\win32u.dll
0x00007fff3eaa0000 - 0x00007fff3eac8000 	C:\WINDOWS\System32\GDI32.dll
0x00007fff3b860000 - 0x00007fff3b9f2000 	C:\WINDOWS\System32\gdi32full.dll
0x00007fff3c4d0000 - 0x00007fff3c56f000 	C:\WINDOWS\System32\msvcp_win.dll
0x00007fff3ba00000 - 0x00007fff3bafa000 	C:\WINDOWS\System32\ucrtbase.dll
0x00007fff21dc0000 - 0x00007fff22029000 	C:\WINDOWS\WinSxS\amd64_microsoft.windows.common-controls_6595b64144ccf1df_6.0.17134.112_none_fb3f961b30681c12\COMCTL32.dll
0x00007fff3ee30000 - 0x00007fff3f153000 	C:\WINDOWS\System32\combase.dll
0x00007fff3b560000 - 0x00007fff3b5da000 	C:\WINDOWS\System32\bcryptPrimitives.dll
0x00007fff3ec00000 - 0x00007fff3ec2d000 	C:\WINDOWS\System32\IMM32.DLL
0x0000000067970000 - 0x0000000067a41000 	C:\Program Files\Java\jre1.8.0_102\bin\msvcr100.dll
0x0000000067d70000 - 0x000000006860a000 	C:\Program Files\Java\jre1.8.0_102\bin\server\jvm.dll
0x00007fff3e940000 - 0x00007fff3e948000 	C:\WINDOWS\System32\PSAPI.DLL
0x00007fff1f060000 - 0x00007fff1f069000 	C:\WINDOWS\SYSTEM32\WSOCK32.dll
0x00007fff38340000 - 0x00007fff38363000 	C:\WINDOWS\SYSTEM32\WINMM.dll
0x00007fff2e5c0000 - 0x00007fff2e5ca000 	C:\WINDOWS\SYSTEM32\VERSION.dll
0x00007fff3ed40000 - 0x00007fff3edac000 	C:\WINDOWS\System32\WS2_32.dll
0x00007fff38310000 - 0x00007fff3833a000 	C:\WINDOWS\SYSTEM32\winmmbase.dll
0x00007fff3c570000 - 0x00007fff3c5b9000 	C:\WINDOWS\System32\cfgmgr32.dll
0x0000000067c80000 - 0x0000000067c8f000 	C:\Program Files\Java\jre1.8.0_102\bin\verify.dll
0x0000000067c50000 - 0x0000000067c79000 	C:\Program Files\Java\jre1.8.0_102\bin\java.dll
0x0000000067c10000 - 0x0000000067c45000 	C:\Program Files\Java\jre1.8.0_102\bin\jdwp.dll
0x0000000067c00000 - 0x0000000067c08000 	C:\Program Files\Java\jre1.8.0_102\bin\npt.dll
0x0000000067b90000 - 0x0000000067ba6000 	C:\Program Files\Java\jre1.8.0_102\bin\zip.dll
0x00007fff3cdc0000 - 0x00007fff3e200000 	C:\WINDOWS\System32\SHELL32.dll
0x00007fff3ec90000 - 0x00007fff3ed39000 	C:\WINDOWS\System32\shcore.dll
0x00007fff3bda0000 - 0x00007fff3c4ad000 	C:\WINDOWS\System32\windows.storage.dll
0x00007fff3ec30000 - 0x00007fff3ec81000 	C:\WINDOWS\System32\shlwapi.dll
0x00007fff3b4f0000 - 0x00007fff3b501000 	C:\WINDOWS\System32\kernel.appcore.dll
0x00007fff3b540000 - 0x00007fff3b55f000 	C:\WINDOWS\System32\profapi.dll
0x00007fff3b4a0000 - 0x00007fff3b4ec000 	C:\WINDOWS\System32\powrprof.dll
0x00007fff3b530000 - 0x00007fff3b53a000 	C:\WINDOWS\System32\FLTLIB.DLL
0x0000000067bf0000 - 0x0000000067bf9000 	C:\Program Files\Java\jre1.8.0_102\bin\dt_socket.dll
0x00007fff35db0000 - 0x00007fff35dc6000 	C:\WINDOWS\system32\napinsp.dll
0x00007fff35b10000 - 0x00007fff35b2a000 	C:\WINDOWS\system32\pnrpnsp.dll
0x00007fff37fb0000 - 0x00007fff37fc9000 	C:\WINDOWS\system32\NLAapi.dll
0x00007fff3ad20000 - 0x00007fff3ad86000 	C:\WINDOWS\System32\mswsock.dll
0x00007fff3aae0000 - 0x00007fff3ab9e000 	C:\WINDOWS\SYSTEM32\DNSAPI.dll
0x00007fff3c830000 - 0x00007fff3c838000 	C:\WINDOWS\System32\NSI.dll
0x00007fff3aaa0000 - 0x00007fff3aad8000 	C:\WINDOWS\SYSTEM32\IPHLPAPI.DLL
0x00007fff37750000 - 0x00007fff3775e000 	C:\WINDOWS\System32\winrnr.dll
0x00007fff335a0000 - 0x00007fff335b5000 	C:\WINDOWS\System32\wshbth.dll
0x00007fff2f6e0000 - 0x00007fff2f752000 	C:\WINDOWS\System32\fwpuclnt.dll
0x00007fff3b000000 - 0x00007fff3b025000 	C:\WINDOWS\SYSTEM32\bcrypt.dll
0x00007fff31c60000 - 0x00007fff31c6a000 	C:\Windows\System32\rasadhlp.dll
0x0000000067bb0000 - 0x0000000067bbd000 	C:\Program Files\Java\jre1.8.0_102\bin\management.dll
0x0000000067b70000 - 0x0000000067b8a000 	C:\Program Files\Java\jre1.8.0_102\bin\net.dll
0x0000000067b50000 - 0x0000000067b61000 	C:\Program Files\Java\jre1.8.0_102\bin\nio.dll
0x00007fff3aed0000 - 0x00007fff3aee7000 	C:\WINDOWS\SYSTEM32\CRYPTSP.dll
0x00007fff3a900000 - 0x00007fff3a933000 	C:\WINDOWS\system32\rsaenh.dll
0x00007fff3b3d0000 - 0x00007fff3b3f8000 	C:\WINDOWS\SYSTEM32\USERENV.dll
0x00007fff3af40000 - 0x00007fff3af4b000 	C:\WINDOWS\SYSTEM32\CRYPTBASE.dll
0x00007fff31630000 - 0x00007fff31646000 	C:\WINDOWS\SYSTEM32\dhcpcsvc6.DLL
0x00007fff31d10000 - 0x00007fff31d2a000 	C:\WINDOWS\SYSTEM32\dhcpcsvc.DLL
0x0000000067b20000 - 0x0000000067b44000 	C:\Program Files\Java\jre1.8.0_102\bin\sunec.dll
0x0000000067bc0000 - 0x0000000067bcb000 	C:\Program Files\Java\jre1.8.0_102\bin\sunmscapi.dll
0x00007fff3bbb0000 - 0x00007fff3bd92000 	C:\WINDOWS\System32\CRYPT32.dll
0x00007fff3b510000 - 0x00007fff3b522000 	C:\WINDOWS\System32\MSASN1.dll

VM Arguments:
jvm_args: -agentlib:jdwp=transport=dt_socket,suspend=y,address=localhost:60403 -Dfile.encoding=UTF-8 
java_command: com.client.Application
java_class_path (initial): C:\Program Files\Java\jre1.8.0_102\lib\resources.jar;C:\Program Files\Java\jre1.8.0_102\lib\rt.jar;C:\Program Files\Java\jre1.8.0_102\lib\jsse.jar;C:\Program Files\Java\jre1.8.0_102\lib\jce.jar;C:\Program Files\Java\jre1.8.0_102\lib\charsets.jar;C:\Program Files\Java\jre1.8.0_102\lib\jfr.jar;C:\Program Files\Java\jre1.8.0_102\lib\ext\access-bridge-64.jar;C:\Program Files\Java\jre1.8.0_102\lib\ext\cldrdata.jar;C:\Program Files\Java\jre1.8.0_102\lib\ext\dnsns.jar;C:\Program Files\Java\jre1.8.0_102\lib\ext\jaccess.jar;C:\Program Files\Java\jre1.8.0_102\lib\ext\jfxrt.jar;C:\Program Files\Java\jre1.8.0_102\lib\ext\localedata.jar;C:\Program Files\Java\jre1.8.0_102\lib\ext\nashorn.jar;C:\Program Files\Java\jre1.8.0_102\lib\ext\sunec.jar;C:\Program Files\Java\jre1.8.0_102\lib\ext\sunjce_provider.jar;C:\Program Files\Java\jre1.8.0_102\lib\ext\sunmscapi.jar;C:\Program Files\Java\jre1.8.0_102\lib\ext\sunpkcs11.jar;C:\Program Files\Java\jre1.8.0_102\lib\ext\zipfs.jar;D:\My Workspace\EcomParent\EcomBusiness\target\classes;C:\Users\nikhi\.m2\repository\org\springframework\boot\spring-boot-starter-web\2.0.1.RELEASE\spring-boot-starter-web-2.0.1.RELEASE.jar;C:\Users\nikhi\.m2\repository\org\springframework\boot\spring-boot-starter\2.0.1.RELEASE\spring-boot-starter-2.0.1.RELEASE.jar;C:\Users\nikhi\.m2\repository\org\springframework\boot\spring-boot\2.0.1.RELEASE\spring-boot-2.0.1.RELEASE.jar;C:\Users\nikhi\.m2\repository\org\springframework\boot\spring-boot-autoconfigure\2.0.1.RELEASE\spring-boot-autoconfigure-2.0.1.RELEASE.jar;C:\Users\nikhi\.m2\repository\org\springframework\boot\spring-boot-starter-logging\2.0.1.RELEASE\spring-boot-starter-logging-2.0.1.RELEASE.jar;C:\Users\nikhi\.m2\repository\ch\qos\logback\logback-classic\1.2.3\logback-classic-1.2.3.jar;C:\Users\nikhi\.m2\repository\ch\qos\logback\logback-core\1.2.3\logback-core-1.2.3.jar;C:\Users\nikhi\.m2\repository\org\slf4j\slf4j-api\1.7.25\slf4j-api-1.7.25.jar;C:\Users\nikhi\.m2\repository\org
Launcher Type: SUN_STANDARD

Environment Variables:
JAVA_HOME=C:\Program Files\Java\jdk1.8.0_171
PATH=C:/Program Files/Java/jre1.8.0_102/bin/server;C:/Program Files/Java/jre1.8.0_102/bin;C:/Program Files/Java/jre1.8.0_102/lib/amd64;C:\Program Files (x86)\Common Files\Oracle\Java\javapath;C:\ProgramData\Oracle\Java\javapath;C:\WINDOWS\system32;C:\WINDOWS;C:\WINDOWS\System32\Wbem;C:\WINDOWS\System32\WindowsPowerShell\v1.0\;C:\WINDOWS\System32\OpenSSH\;C:\Program Files (x86)\Windows Live\Shared;C:\Program Files\nodejs\;C:\Program Files\mysql-8.0.11-winx64\bin;D:\Softwares\apache-maven-3.3.9\bin;C:\Users\nikhi\AppData\Local\Microsoft\WindowsApps;C:\Program Files\Microsoft VS Code\bin;C:\Users\nikhi\AppData\Roaming\npm;C:\Program Files\Java\jdk1.8.0_171\bin;;C:\WINDOWS\system32;
USERNAME=nikhi
OS=Windows_NT
PROCESSOR_IDENTIFIER=Intel64 Family 6 Model 58 Stepping 9, GenuineIntel



---------------  S Y S T E M  ---------------

OS: Windows 10.0 , 64 bit Build 17134 (10.0.17134.1)

CPU:total 4 (2 cores per cpu, 2 threads per core) family 6 model 58 stepping 9, cmov, cx8, fxsr, mmx, sse, sse2, sse3, ssse3, sse4.1, sse4.2, popcnt, avx, clmul, erms, ht, tsc, tscinvbit, tscinv

Memory: 4k page, physical 4083992k(317608k free), swap 16666904k(43800k free)

vm_info: Java HotSpot(TM) 64-Bit Server VM (25.102-b14) for windows-amd64 JRE (1.8.0_102-b14), built on Jun 22 2016 13:15:21 by "java_re" with MS VC++ 10.0 (VS2010)

time: Sat Jul 14 22:28:31 2018
elapsed time: 927 seconds (0d 0h 15m 27s)

